<?xml version="1.0" encoding="UTF-8"?>
<!-- Generated by org.testng.reporters.JUnitReportReporter -->
<testsuite hostname="DESKTOP-MNBM418" failures="0" tests="2" name="mavenPractice.PracticeTestngTest1" time="0.019" errors="0" timestamp="21 Jul 2022 17:33:40 GMT">
  <testcase classname="mavenPractice.PracticeTestngTest1" name="testngMethodTest" time="0.002"/>
  <testcase classname="mavenPractice.PracticeTestngTest1" name="methodTestngTest2" time="0.017"/>
</testsuite> <!-- mavenPractice.PracticeTestngTest1 -->
