<?xml version="1.0" encoding="UTF-8"?>
<!-- Generated by org.testng.reporters.JUnitReportReporter -->
<testsuite hostname="DESKTOP-MNBM418" failures="0" tests="1" name="mavenPractice.MethodTestngTest" time="0.006" errors="0" timestamp="21 Jul 2022 17:33:40 GMT">
  <testcase classname="mavenPractice.MethodTestngTest" name="methodsPractice" time="0.006"/>
</testsuite> <!-- mavenPractice.MethodTestngTest -->
